<?xml version="1.0" encoding="UTF-8"?>
<!-- Generated by org.testng.reporters.JUnitReportReporter -->
<testsuite hostname="DESKTOP-CLKIFG7" failures="0" tests="1" name="com.sdet.lms.pageobjects.Program" time="0.059" errors="0" timestamp="2022-09-21T09:53:59 PDT" skipped="0">
  <testcase classname="com.sdet.lms.pageobjects.Program" name="test" time="0.059"/>
  <system-out/>
</testsuite> <!-- com.sdet.lms.pageobjects.Program -->
