<?xml version="1.0" encoding="UTF-8"?>
<!-- Generated by org.testng.reporters.JUnitReportReporter -->
<testsuite hostname="DESKTOP-F5NB8LI" failures="0" tests="1" name="com.sdet.lms.testrunner.TestRunner" time="16.530" errors="0" timestamp="2022-09-22T10:48:15 CDT" skipped="0">
  <testcase classname="com.sdet.lms.testrunner.TestRunner" name="runScenario" time="16.530"/>
  <system-out/>
</testsuite> <!-- com.sdet.lms.testrunner.TestRunner -->
